<?xml version="1.0" encoding="UTF-8"?>
<testsuites name="TS001_login" time="28.371" tests="4" failures="0" errors="0">
   <testsuite name="TS001_login" tests="4" failures="0" errors="0" time="28.371" skipped="0" timestamp="30-08-2024T23:10:45" hostname="archikoerniawan - localhost" id="Test Suites/TS001_login">
      <properties>
         <property name="deviceName" value=""/>
         <property name="devicePlatform"/>
         <property name="logFolder" value="/Users/archikoerniawan/Katalon/DOT Test Automation/loginFacebook/Reports/20240830_231044/TS001_login/20240830_231044"/>
         <property name="logFiles" value="/Users/archikoerniawan/Katalon/DOT Test Automation/loginFacebook/Reports/20240830_231044/TS001_login/20240830_231044/execution0.log"/>
         <property name="attachments" value=""/>
         <property name="hostName" value="archikoerniawan - localhost"/>
         <property name="os" value="Mac OS X 64bit"/>
         <property name="katalonVersion" value="9.7.0.223"/>
         <property name="browser" value="Chrome 128.0.0.0"/>
         <property name="hostAddress" value="127.0.0.1"/>
         <property name="sessionId" value="acdf3f7e26b7acecf265bcb4293798e3"/>
         <property name="seleniumVersion" value="3.141.59"/>
         <property name="proxyInformation" value="ProxyInformation { proxyOption=NO_PROXY, proxyServerType=HTTP, username=, password=********, proxyServerAddress=, proxyServerPort=0, executionList=&quot;&quot;, isApplyToDesiredCapabilities=true }"/>
         <property name="platform" value="Mac OS X"/>
      </properties>
      <testcase name="Test Cases/TC001_negativeLogin_invalidPassword" time="9.541" classname="Test Cases/TC001_negativeLogin_invalidPassword" status="PASSED">
         <system-out><![CDATA[30-08-2024T23:10:45 - [TEST_CASE][PASSED] - Test Cases/TC001_negativeLogin_invalidPassword: Test Cases/TC001_negativeLogin_invalidPassword

30-08-2024T23:10:46 - [TEST_STEP][PASSED] - openBrowser(""): Browser is opened with url: ''

30-08-2024T23:10:46 - [MESSAGE][INFO] - Starting 'Chrome' driver

30-08-2024T23:10:46 - [MESSAGE][INFO] - User set preference: ['prefs', '{profile.default_content_setting_values.media_stream_mic=1.0, profile.default_content_setting_values.media_stream_camera=1.0, profile.default_content_setting_values.geolocation=1.0, profile.default_content_setting_values.notifications=1.0}']

30-08-2024T23:10:46 - [MESSAGE][INFO] - Action delay is set to 0 milliseconds

30-08-2024T23:10:48 - [MESSAGE][PASSED] - Browser is opened with url: ''

30-08-2024T23:10:48 - [TEST_STEP][PASSED] - maximizeWindow(): Current window maximized

30-08-2024T23:10:48 - [MESSAGE][PASSED] - Current window maximized

30-08-2024T23:10:48 - [TEST_STEP][PASSED] - navigateToUrl("https://www.facebook.com/"): Navigate to 'https://www.facebook.com/' successfully

30-08-2024T23:10:49 - [MESSAGE][PASSED] - Navigate to 'https://www.facebook.com/' successfully

30-08-2024T23:10:49 - [TEST_STEP][PASSED] - setText(findTestObject("Object Repository/login_page/emailOrPhonenumber_editText"), findTestData("user_login").getValue(1, 1)): Text 'archi.testdot@gmail.com' is set on object 'Object Repository/login_page/emailOrPhonenumber_editText'

30-08-2024T23:10:50 - [MESSAGE][PASSED] - Text 'archi.testdot@gmail.com' is set on object 'Object Repository/login_page/emailOrPhonenumber_editText'

30-08-2024T23:10:50 - [TEST_STEP][PASSED] - setText(findTestObject("Object Repository/login_page/password_editText"), findTestData("user_login").getValue(2, 1)): Text '123123' is set on object 'Object Repository/login_page/password_editText'

30-08-2024T23:10:51 - [MESSAGE][PASSED] - Text '123123' is set on object 'Object Repository/login_page/password_editText'

30-08-2024T23:10:51 - [TEST_STEP][PASSED] - click(findTestObject("Object Repository/login_page/login_button")): Object: 'Object Repository/login_page/login_button' is clicked on

30-08-2024T23:10:51 - [MESSAGE][PASSED] - Object: 'Object Repository/login_page/login_button' is clicked on

30-08-2024T23:10:51 - [TEST_STEP][PASSED] - verifyElementText(findTestObject("login_page/errorLoginInvalidPassword_message"), findTestData("user_login").getValue(3, 1)): Actual text and expected text of test object 'Object Repository/login_page/errorLoginInvalidPassword_message' are matched.

30-08-2024T23:10:55 - [MESSAGE][PASSED] - Actual text and expected text of test object 'Object Repository/login_page/errorLoginInvalidPassword_message' are matched.

30-08-2024T23:10:55 - [TEST_STEP][PASSED] - closeBrowser(): Browser is closed

30-08-2024T23:10:55 - [MESSAGE][PASSED] - Browser is closed]]></system-out>
         <system-err><![CDATA[]]></system-err>
      </testcase>
      <testcase name="Test Cases/TC002_negativeLogin_invalidEmail" time="5.558" classname="Test Cases/TC002_negativeLogin_invalidEmail" status="PASSED">
         <system-out><![CDATA[30-08-2024T23:10:55 - [TEST_CASE][PASSED] - Test Cases/TC002_negativeLogin_invalidEmail: Test Cases/TC002_negativeLogin_invalidEmail

30-08-2024T23:10:55 - [TEST_STEP][PASSED] - openBrowser(""): Browser is opened with url: ''

30-08-2024T23:10:55 - [MESSAGE][INFO] - Starting 'Chrome' driver

30-08-2024T23:10:55 - [MESSAGE][INFO] - User set preference: ['prefs', '{profile.default_content_setting_values.media_stream_mic=1.0, profile.default_content_setting_values.media_stream_camera=1.0, profile.default_content_setting_values.geolocation=1.0, profile.default_content_setting_values.notifications=1.0}']

30-08-2024T23:10:55 - [MESSAGE][INFO] - Action delay is set to 0 milliseconds

30-08-2024T23:10:56 - [MESSAGE][PASSED] - Browser is opened with url: ''

30-08-2024T23:10:56 - [TEST_STEP][PASSED] - maximizeWindow(): Current window maximized

30-08-2024T23:10:56 - [MESSAGE][PASSED] - Current window maximized

30-08-2024T23:10:56 - [TEST_STEP][PASSED] - navigateToUrl("https://www.facebook.com/"): Navigate to 'https://www.facebook.com/' successfully

30-08-2024T23:10:57 - [MESSAGE][PASSED] - Navigate to 'https://www.facebook.com/' successfully

30-08-2024T23:10:57 - [TEST_STEP][PASSED] - setText(findTestObject("Object Repository/login_page/emailOrPhonenumber_editText"), findTestData("user_login").getValue(1, 2)): Text 'archi@outlook.com' is set on object 'Object Repository/login_page/emailOrPhonenumber_editText'

30-08-2024T23:10:57 - [MESSAGE][PASSED] - Text 'archi@outlook.com' is set on object 'Object Repository/login_page/emailOrPhonenumber_editText'

30-08-2024T23:10:57 - [TEST_STEP][PASSED] - setText(findTestObject("Object Repository/login_page/password_editText"), findTestData("user_login").getValue(2, 2)): Text 'testlogin123' is set on object 'Object Repository/login_page/password_editText'

30-08-2024T23:10:58 - [MESSAGE][PASSED] - Text 'testlogin123' is set on object 'Object Repository/login_page/password_editText'

30-08-2024T23:10:58 - [TEST_STEP][PASSED] - click(findTestObject("Object Repository/login_page/login_button")): Object: 'Object Repository/login_page/login_button' is clicked on

30-08-2024T23:10:58 - [MESSAGE][PASSED] - Object: 'Object Repository/login_page/login_button' is clicked on

30-08-2024T23:10:58 - [TEST_STEP][PASSED] - verifyElementText(findTestObject("login_page/errorLoginInvalidEmail_message"), findTestData("user_login").getValue(3, 2)): Actual text and expected text of test object 'Object Repository/login_page/errorLoginInvalidEmail_message' are matched.

30-08-2024T23:11:00 - [MESSAGE][PASSED] - Actual text and expected text of test object 'Object Repository/login_page/errorLoginInvalidEmail_message' are matched.

30-08-2024T23:11:00 - [TEST_STEP][PASSED] - closeBrowser(): Browser is closed

30-08-2024T23:11:01 - [MESSAGE][PASSED] - Browser is closed]]></system-out>
         <system-err><![CDATA[]]></system-err>
      </testcase>
      <testcase name="Test Cases/TC003_negativeLogin_emptyField" time="5.853" classname="Test Cases/TC003_negativeLogin_emptyField" status="PASSED">
         <system-out><![CDATA[30-08-2024T23:11:01 - [TEST_CASE][PASSED] - Test Cases/TC003_negativeLogin_emptyField: Test Cases/TC003_negativeLogin_emptyField

30-08-2024T23:11:01 - [TEST_STEP][PASSED] - openBrowser(""): Browser is opened with url: ''

30-08-2024T23:11:01 - [MESSAGE][INFO] - Starting 'Chrome' driver

30-08-2024T23:11:01 - [MESSAGE][INFO] - User set preference: ['prefs', '{profile.default_content_setting_values.media_stream_mic=1.0, profile.default_content_setting_values.media_stream_camera=1.0, profile.default_content_setting_values.geolocation=1.0, profile.default_content_setting_values.notifications=1.0}']

30-08-2024T23:11:01 - [MESSAGE][INFO] - Action delay is set to 0 milliseconds

30-08-2024T23:11:01 - [MESSAGE][PASSED] - Browser is opened with url: ''

30-08-2024T23:11:01 - [TEST_STEP][PASSED] - maximizeWindow(): Current window maximized

30-08-2024T23:11:02 - [MESSAGE][PASSED] - Current window maximized

30-08-2024T23:11:02 - [TEST_STEP][PASSED] - navigateToUrl("https://www.facebook.com/"): Navigate to 'https://www.facebook.com/' successfully

30-08-2024T23:11:03 - [MESSAGE][PASSED] - Navigate to 'https://www.facebook.com/' successfully

30-08-2024T23:11:03 - [TEST_STEP][PASSED] - setText(findTestObject("Object Repository/login_page/emailOrPhonenumber_editText"), findTestData("user_login").getValue(1, 3)): Text '' is set on object 'Object Repository/login_page/emailOrPhonenumber_editText'

30-08-2024T23:11:03 - [MESSAGE][PASSED] - Text '' is set on object 'Object Repository/login_page/emailOrPhonenumber_editText'

30-08-2024T23:11:03 - [TEST_STEP][PASSED] - setText(findTestObject("Object Repository/login_page/password_editText"), findTestData("user_login").getValue(2, 3)): Text '' is set on object 'Object Repository/login_page/password_editText'

30-08-2024T23:11:04 - [MESSAGE][PASSED] - Text '' is set on object 'Object Repository/login_page/password_editText'

30-08-2024T23:11:04 - [TEST_STEP][PASSED] - click(findTestObject("Object Repository/login_page/login_button")): Object: 'Object Repository/login_page/login_button' is clicked on

30-08-2024T23:11:04 - [MESSAGE][PASSED] - Object: 'Object Repository/login_page/login_button' is clicked on

30-08-2024T23:11:04 - [TEST_STEP][PASSED] - verifyElementText(findTestObject("login_page/errorLoginInvalidEmail_message"), findTestData("user_login").getValue(3, 2)): Actual text and expected text of test object 'Object Repository/login_page/errorLoginInvalidEmail_message' are matched.

30-08-2024T23:11:06 - [MESSAGE][PASSED] - Actual text and expected text of test object 'Object Repository/login_page/errorLoginInvalidEmail_message' are matched.

30-08-2024T23:11:06 - [TEST_STEP][PASSED] - closeBrowser(): Browser is closed

30-08-2024T23:11:06 - [MESSAGE][PASSED] - Browser is closed]]></system-out>
         <system-err><![CDATA[]]></system-err>
      </testcase>
      <testcase name="Test Cases/TC004_positiveLoginWithEmail" time="7.341" classname="Test Cases/TC004_positiveLoginWithEmail" status="PASSED">
         <system-out><![CDATA[30-08-2024T23:11:06 - [TEST_CASE][PASSED] - Test Cases/TC004_positiveLoginWithEmail: Test Cases/TC004_positiveLoginWithEmail

30-08-2024T23:11:06 - [TEST_STEP][PASSED] - openBrowser(""): Browser is opened with url: ''

30-08-2024T23:11:06 - [MESSAGE][INFO] - Starting 'Chrome' driver

30-08-2024T23:11:06 - [MESSAGE][INFO] - User set preference: ['prefs', '{profile.default_content_setting_values.media_stream_mic=1.0, profile.default_content_setting_values.media_stream_camera=1.0, profile.default_content_setting_values.geolocation=1.0, profile.default_content_setting_values.notifications=1.0}']

30-08-2024T23:11:06 - [MESSAGE][INFO] - Action delay is set to 0 milliseconds

30-08-2024T23:11:07 - [MESSAGE][PASSED] - Browser is opened with url: ''

30-08-2024T23:11:07 - [TEST_STEP][PASSED] - maximizeWindow(): Current window maximized

30-08-2024T23:11:07 - [MESSAGE][PASSED] - Current window maximized

30-08-2024T23:11:07 - [TEST_STEP][PASSED] - navigateToUrl("https://www.facebook.com/"): Navigate to 'https://www.facebook.com/' successfully

30-08-2024T23:11:09 - [MESSAGE][PASSED] - Navigate to 'https://www.facebook.com/' successfully

30-08-2024T23:11:09 - [TEST_STEP][PASSED] - setText(findTestObject("Object Repository/login_page/emailOrPhonenumber_editText"), findTestData("user_login").getValue(1, 4)): Text 'archi.testdot@gmail.com' is set on object 'Object Repository/login_page/emailOrPhonenumber_editText'

30-08-2024T23:11:09 - [MESSAGE][PASSED] - Text 'archi.testdot@gmail.com' is set on object 'Object Repository/login_page/emailOrPhonenumber_editText'

30-08-2024T23:11:09 - [TEST_STEP][PASSED] - setText(findTestObject("Object Repository/login_page/password_editText"), findTestData("user_login").getValue(2, 4)): Text 'testlogin123' is set on object 'Object Repository/login_page/password_editText'

30-08-2024T23:11:10 - [MESSAGE][PASSED] - Text 'testlogin123' is set on object 'Object Repository/login_page/password_editText'

30-08-2024T23:11:10 - [TEST_STEP][PASSED] - click(findTestObject("Object Repository/login_page/login_button")): Object: 'Object Repository/login_page/login_button' is clicked on

30-08-2024T23:11:10 - [MESSAGE][PASSED] - Object: 'Object Repository/login_page/login_button' is clicked on

30-08-2024T23:11:10 - [TEST_STEP][PASSED] - verifyElementPresent(findTestObject("Object Repository/home_page/search_field"), 0): Object 'Object Repository/home_page/search_field' is present

30-08-2024T23:11:10 - [MESSAGE][WARNING] - Timeout '0' is invalid. Using default page load timeout: '30'

30-08-2024T23:11:14 - [MESSAGE][PASSED] - Object 'Object Repository/home_page/search_field' is present

30-08-2024T23:11:14 - [TEST_STEP][PASSED] - closeBrowser(): Browser is closed

30-08-2024T23:11:14 - [MESSAGE][PASSED] - Browser is closed]]></system-out>
         <system-err><![CDATA[]]></system-err>
      </testcase>
      <system-out><![CDATA[30-08-2024T23:10:45 - [TEST_SUITE][PASSED] - TS001_login: Test Cases/TC004_positiveLoginWithEmail]]></system-out>
      <system-err><![CDATA[]]></system-err>
   </testsuite>
</testsuites>
